Using pre-set license
Built from '2020.3/staging' branch; Version is '2020.3.22f1 (e1a7f79fd887) revision 14788599'; Using compiler version '192528614'; Build Type 'Release'
OS: 'Windows 10 Pro; OS build 22621.1555; Version 2009; 64bit' Language: 'en' Physical Memory: 16221 MB
BatchMode: 1, IsHumanControllingUs: 0, StartBugReporterOnCrash: 0, Is64bit: 1, IsPro: 0

COMMAND LINE ARGUMENTS:
C:\Program Files\Unity\Hub\Editor\2020.3.22f1\Editor\Unity.exe
-adb2
-batchMode
-noUpm
-name
AssetImportWorker0
-projectPath
D:/GitHub/PepeRing/caracterPepeBun
-logFile
Logs/AssetImportWorker0.log
-srvPort
59148
Successfully changed project path to: D:/GitHub/PepeRing/caracterPepeBun
D:/GitHub/PepeRing/caracterPepeBun
Using Asset Import Pipeline V2.
Refreshing native plugins compatible for Editor in 63.93 ms, found 5 plugins.
Preloading 0 native plugins for Editor in 0.00 ms.
Initialize engine version: 2020.3.22f1 (e1a7f79fd887)
[Subsystems] Discovering subsystems at path C:/Program Files/Unity/Hub/Editor/2020.3.22f1/Editor/Data/Resources/UnitySubsystems
[Subsystems] Discovering subsystems at path D:/GitHub/PepeRing/caracterPepeBun/Assets
GfxDevice: creating device client; threaded=0
Direct3D:
    Version:  Direct3D 11.0 [level 11.1]
    Renderer: NVIDIA GeForce RTX 2060 (ID=0x1f15)
    Vendor:   
    VRAM:     5968 MB
    Driver:   31.0.15.2756
Initialize mono
Mono path[0] = 'C:/Program Files/Unity/Hub/Editor/2020.3.22f1/Editor/Data/Managed'
Mono path[1] = 'C:/Program Files/Unity/Hub/Editor/2020.3.22f1/Editor/Data/MonoBleedingEdge/lib/mono/unityjit'
Mono config path = 'C:/Program Files/Unity/Hub/Editor/2020.3.22f1/Editor/Data/MonoBleedingEdge/etc'
Using monoOptions --debugger-agent=transport=dt_socket,embedding=1,server=y,suspend=n,address=127.0.0.1:56032
Begin MonoManager ReloadAssembly
Registering precompiled unity dll's ...
Register platform support module: C:/Program Files/Unity/Hub/Editor/2020.3.22f1/Editor/Data/PlaybackEngines/MacStandaloneSupport/UnityEditor.OSXStandalone.Extensions.dll
Register platform support module: C:/Program Files/Unity/Hub/Editor/2020.3.22f1/Editor/Data/PlaybackEngines/WindowsStandaloneSupport/UnityEditor.WindowsStandalone.Extensions.dll
Registered in 0.001907 seconds.
Native extension for WindowsStandalone target not found
Native extension for OSXStandalone target not found
Refreshing native plugins compatible for Editor in 60.27 ms, found 5 plugins.
Preloading 0 native plugins for Editor in 0.00 ms.
Mono: successfully reloaded assembly
- Completed reload, in  2.008 seconds
Domain Reload Profiling:
	ReloadAssembly (2008ms)
		BeginReloadAssembly (57ms)
			ExecutionOrderSort (0ms)
			DisableScriptedObjects (0ms)
			BackupInstance (0ms)
			ReleaseScriptingObjects (0ms)
			CreateAndSetChildDomain (1ms)
		EndReloadAssembly (436ms)
			LoadAssemblies (55ms)
			RebuildTransferFunctionScriptingTraits (0ms)
			SetupTypeCache (140ms)
			ReleaseScriptCaches (0ms)
			RebuildScriptCaches (29ms)
			SetupLoadedEditorAssemblies (179ms)
				LogAssemblyErrors (0ms)
				InitializePlatformSupportModulesInManaged (5ms)
				SetLoadedEditorAssemblies (0ms)
				RefreshPlugins (60ms)
				BeforeProcessingInitializeOnLoad (11ms)
				ProcessInitializeOnLoadAttributes (75ms)
				ProcessInitializeOnLoadMethodAttributes (27ms)
				AfterProcessingInitializeOnLoad (0ms)
				EditorAssembliesLoaded (0ms)
			ExecutionOrderSort2 (0ms)
			AwakeInstancesAfterBackupRestoration (0ms)
Platform modules already initialized, skipping
Registering precompiled user dll's ...
Registered in 0.004472 seconds.
Begin MonoManager ReloadAssembly
Native extension for WindowsStandalone target not found
Native extension for OSXStandalone target not found
Refreshing native plugins compatible for Editor in 58.59 ms, found 5 plugins.
Preloading 0 native plugins for Editor in 0.00 ms.
Stacktrace:

  at <unknown> <0xffffffff>
  at (wrapper managed-to-native) object.__icall_wrapper_ves_icall_array_new_specific (intptr,int) <0x00076>
  at System.Collections.Generic.Dictionary`2<string, Burst.Compiler.IL.Intrinsics.X86.IntrinsicInfo>.Resize (int,bool) [0x00019] in <695d1cc93cca45069c528c15c9fdd749>:0
  at System.Collections.Generic.Dictionary`2<string, Burst.Compiler.IL.Intrinsics.X86.IntrinsicInfo>.Resize () [0x0000d] in <695d1cc93cca45069c528c15c9fdd749>:0
  at System.Collections.Generic.Dictionary`2<string, Burst.Compiler.IL.Intrinsics.X86.IntrinsicInfo>.TryInsert (string,Burst.Compiler.IL.Intrinsics.X86.IntrinsicInfo,System.Collections.Generic.InsertionBehavior) [0x00131] in <695d1cc93cca45069c528c15c9fdd749>:0
  at System.Collections.Generic.Dictionary`2<string, Burst.Compiler.IL.Intrinsics.X86.IntrinsicInfo>.Add (string,Burst.Compiler.IL.Intrinsics.X86.IntrinsicInfo) [0x00004] in <695d1cc93cca45069c528c15c9fdd749>:0
  at Burst.Compiler.IL.Intrinsics.X86.IntrinsicInfo..cctor () [0x09d2e] in <12fd8c57ac5741e888f3e2a61ac3563b>:0
  at (wrapper runtime-invoke) object.runtime_invoke_void (object,intptr,intptr,intptr) [0x0001f] in <695d1cc93cca45069c528c15c9fdd749>:0
  at <unknown> <0xffffffff>
  at Burst.Compiler.IL.Intrinsics.IntelIntrinsicsProcessor.IsHandling (Burst.Compiler.IL.Syntax.ILFunctionReference) [0x0007b] in <12fd8c57ac5741e888f3e2a61ac3563b>:0
  at Burst.Compiler.IL.Syntax.ILBuilder.IsIntrinsicCall (Burst.Compiler.IL.Syntax.ILFunctionReference,bool&) [0x0001b] in <12fd8c57ac5741e888f3e2a61ac3563b>:0
  at Burst.Compiler.IL.Syntax.ILBuilder.CreateFunctionFromRef (Burst.Compiler.IL.Syntax.ILFunctionReference) [0x00041] in <12fd8c57ac5741e888f3e2a61ac3563b>:0
  at Burst.Compiler.IL.Syntax.ILBuilder.VisitPendingFunctionReferences () [0x000b9] in <12fd8c57ac5741e888f3e2a61ac3563b>:0
  at Burst.Compiler.IL.Syntax.ILBuilder.GetOrCreateFunction (Burst.Compiler.IL.Syntax.ILFunctionReference) [0x0002f] in <12fd8c57ac5741e888f3e2a61ac3563b>:0
  at Burst.Compiler.IL.Syntax.ILBuilder.CreateModule (Burst.Compiler.IL.MethodReferenceWithLinkName[]) [0x000db] in <12fd8c57ac5741e888f3e2a61ac3563b>:0
  at Burst.Compiler.IL.NativeCompiler.InitializeModule () [0x0008e] in <12fd8c57ac5741e888f3e2a61ac3563b>:0
  at Burst.Compiler.IL.NativeCompiler.ComputeHash () [0x00001] in <12fd8c57ac5741e888f3e2a61ac3563b>:0
  at Burst.Compiler.IL.Jit.JitCompiler.CompileMethodInternal (Burst.Compiler.IL.Jit.JitResult,System.Collections.Generic.List`1<Burst.Compiler.IL.Jit.JitCompiler/MethodToCompile>,Burst.Compiler.IL.Jit.JitOptions) [0x00105] in <12fd8c57ac5741e888f3e2a61ac3563b>:0
  at Burst.Compiler.IL.Jit.JitCompiler.CompileMethods (Mono.Cecil.MethodReference[],Burst.Compiler.IL.Jit.JitOptions) [0x001c6] in <12fd8c57ac5741e888f3e2a61ac3563b>:0
  at Burst.Compiler.IL.Jit.JitCompiler.CompileMethod (Mono.Cecil.MethodReference,Burst.Compiler.IL.Jit.JitOptions) [0x00028] in <12fd8c57ac5741e888f3e2a61ac3563b>:0
  at Burst.Compiler.IL.Jit.JitCompilerService/CompilerThreadContext.Compile (Burst.Compiler.IL.Jit.JitCompilerService/CompileJob) [0x003d0] in <12fd8c57ac5741e888f3e2a61ac3563b>:0
  at Burst.Compiler.IL.Jit.JitCompilerService.QueueCompileJob (Burst.Compiler.IL.Jit.JitCompilerService/CompileJob) [0x00041] in <12fd8c57ac5741e888f3e2a61ac3563b>:0
  at Burst.Compiler.IL.Jit.JitCompilerService.CompileInternal (string,string,intptr,Unity.Burst.NativeDumpFlags,intptr,intptr,string) [0x00327] in <12fd8c57ac5741e888f3e2a61ac3563b>:0
  at (wrapper runtime-invoke) <Module>.runtime_invoke_void__this___object_object_intptr_int_intptr_intptr_object (object,intptr,intptr,intptr) [0x00044] in <12fd8c57ac5741e888f3e2a61ac3563b>:0
  at <unknown> <0xffffffff>
  at (wrapper managed-to-native) Unity.Burst.LowLevel.BurstCompilerService.CompileAsyncDelegateMethod (object,string) <0x0007c>
  at Unity.Burst.BurstCompiler.Compile<T_REF> (T_REF,bool) <0x00292>
  at Unity.Burst.BurstCompiler.CompileFunctionPointer<T_REF> (T_REF) <0x00042>
  at Unity.Burst.Intrinsics.X86.CompileManagedCsrAccessors () <0x0008a>
  at Unity.Burst.Editor.BurstLoader..cctorMono: successfully reloaded assembly
- Completed reload, in  2.099 seconds
Domain Reload Profiling:
	ReloadAssembly (2100ms)
		BeginReloadAssembly (136ms)
			ExecutionOrderSort (0ms)
			DisableScriptedObjects (4ms)
			BackupInstance (0ms)
			ReleaseScriptingObjects (0ms)
			CreateAndSetChildDomain (17ms)
		EndReloadAssembly (1906ms)
			LoadAssemblies (89ms)
			RebuildTransferFunctionScriptingTraits (0ms)
			SetupTypeCache (319ms)
			ReleaseScriptCaches (1ms)
			RebuildScriptCaches (56ms)
			SetupLoadedEditorAssemblies (1333ms)
				LogAssemblyErrors (0ms)
				InitializePlatformSupportModulesInManaged (4ms)
				SetLoadedEditorAssemblies (0ms)
				RefreshPlugins (59ms)
				BeforeProcessingInitializeOnLoad (79ms)
				ProcessInitializeOnLoadAttributes (1174ms)
				ProcessInitializeOnLoadMethodAttributes (11ms)
				AfterProcessingInitializeOnLoad (7ms)
				EditorAssembliesLoaded (0ms)
			ExecutionOrderSort2 (0ms)
			AwakeInstancesAfterBackupRestoration (7ms)
Platform modules already initialized, skipping
========================================================================
Worker process is ready to serve import requests
Launched and connected shader compiler UnityShaderCompiler.exe after 0.06 seconds
Refreshing native plugins compatible for Editor in 0.73 ms, found 5 plugins.
Preloading 0 native plugins for Editor in 0.00 ms.
Unloading 3079 Unused Serialized files (Serialized files now loaded: 0)
System memory in use before: 156.2 MB.
System memory in use after: 156.3 MB.

Unloading 42 unused Assets to reduce memory usage. Loaded Objects now: 3516.
Total: 5.983000 ms (FindLiveObjects: 0.456400 ms CreateObjectMapping: 0.322900 ms MarkObjects: 4.935400 ms  DeleteObjects: 0.266300 ms)

AssetImportParameters requested are different than current active one (requested -> active):
  custom:framework-win-MediaFoundation: 216162199b28c13a410421893ffa2e32 -> 
  custom:video-decoder-ogg-theora: a1e56fd34408186e4bbccfd4996cb3dc -> 
  custom:container-muxer-webm: aa71ff27fc2769a1b78a27578f13a17b -> 
  custom:container-demuxer-webm: 4f35f7cbe854078d1ac9338744f61a02 -> 
  custom:container-demuxer-ogg: 62fdf1f143b41e24485cea50d1cbac27 -> 
  custom:video-encoder-webm-vp8: eb34c28f22e8b96e1ab97ce403110664 -> 
  custom:video-codec-MediaFoundation-h265: 746d11721c4dcdbdad8f713fa42b33f4 -> 
  custom:video-decoder-webm-vp8: 9c59270c3fd7afecdb556c50c9e8de78 -> 
  custom:audio-decoder-ogg-vorbis: bf7c407c2cedff20999df2af8eb42d56 -> 
  custom:audio-encoder-webm-vorbis: bf7c407c2cedff20999df2af8eb42d56 -> 
========================================================================
Received Import Request.
  path: Assets/o161000000.wav.mp3
  artifactKey: Guid(d4a0ffbfd3a2f264893031e52c57e633) Importer(815301076,1909f56bfc062723c751e8b465ee728b)
Start importing Assets/o161000000.wav.mp3 using Guid(d4a0ffbfd3a2f264893031e52c57e633) Importer(815301076,1909f56bfc062723c751e8b465ee728b)  -> (artifact id: '43b5c2f9f6af904c51ea96e4640464d4') in 0.130631 seconds 
  Import took 0.135592 seconds .

========================================================================
Received Import Request.
  Time since last request: 0.000636 seconds.
  path: Assets/Particle Fire Ball.mat
  artifactKey: Guid(0ad747b347b73d447b760ad0a9bc79fa) Importer(815301076,1909f56bfc062723c751e8b465ee728b)
Start importing Assets/Particle Fire Ball.mat using Guid(0ad747b347b73d447b760ad0a9bc79fa) Importer(815301076,1909f56bfc062723c751e8b465ee728b)  -> (artifact id: 'd87a0ba6e6f94b5b1740efffec0f364c') in 1.720360 seconds 
  Import took 1.726049 seconds .

========================================================================
Received Import Request.
  Time since last request: 0.000409 seconds.
  path: Assets/Boss Sword FX.prefab
  artifactKey: Guid(1f2234e5050d6d5478582117184c6462) Importer(815301076,1909f56bfc062723c751e8b465ee728b)
Start importing Assets/Boss Sword FX.prefab using Guid(1f2234e5050d6d5478582117184c6462) Importer(815301076,1909f56bfc062723c751e8b465ee728b)  -> (artifact id: '00c6d98d3ba4b9a75700ca2ef4465d46') in 0.268822 seconds 
  Import took 0.273581 seconds .

========================================================================
Received Import Request.
  Time since last request: 0.000361 seconds.
  path: Assets/FireBall Light.prefab
  artifactKey: Guid(0f0193a9092cef3428556ef495e2ac14) Importer(815301076,1909f56bfc062723c751e8b465ee728b)
Start importing Assets/FireBall Light.prefab using Guid(0f0193a9092cef3428556ef495e2ac14) Importer(815301076,1909f56bfc062723c751e8b465ee728b)  -> (artifact id: 'c5e63c7843529deee70fabeffd050522') in 0.004688 seconds 
  Import took 0.010335 seconds .

========================================================================
Received Import Request.
  Time since last request: 23.703689 seconds.
  path: Assets/Scenes/SampleScene.unity
  artifactKey: Guid(9fc0d4010bbf28b4594072e72b8655ab) Importer(815301076,1909f56bfc062723c751e8b465ee728b)
Start importing Assets/Scenes/SampleScene.unity using Guid(9fc0d4010bbf28b4594072e72b8655ab) Importer(815301076,1909f56bfc062723c751e8b465ee728b)  -> (artifact id: 'c049864e1107a5a00e42c3a724f1601b') in 0.001843 seconds 
  Import took 0.006451 seconds .

========================================================================
Received Prepare
Registering precompiled user dll's ...
Registered in 0.004145 seconds.
Begin MonoManager ReloadAssembly
Native extension for WindowsStandalone target not found
Native extension for OSXStandalone target not found
Refreshing native plugins compatible for Editor in 0.71 ms, found 5 plugins.
Preloading 0 native plugins for Editor in 0.00 ms.
Mono: successfully reloaded assembly
- Completed reload, in  1.435 seconds
Domain Reload Profiling:
	ReloadAssembly (1435ms)
		BeginReloadAssembly (144ms)
			ExecutionOrderSort (0ms)
			DisableScriptedObjects (4ms)
			BackupInstance (0ms)
			ReleaseScriptingObjects (0ms)
			CreateAndSetChildDomain (47ms)
		EndReloadAssembly (1227ms)
			LoadAssemblies (100ms)
			RebuildTransferFunctionScriptingTraits (0ms)
			SetupTypeCache (308ms)
			ReleaseScriptCaches (1ms)
			RebuildScriptCaches (41ms)
			SetupLoadedEditorAssemblies (681ms)
				LogAssemblyErrors (0ms)
				InitializePlatformSupportModulesInManaged (5ms)
				SetLoadedEditorAssemblies (0ms)
				RefreshPlugins (1ms)
				BeforeProcessingInitializeOnLoad (84ms)
				ProcessInitializeOnLoadAttributes (576ms)
				ProcessInitializeOnLoadMethodAttributes (8ms)
				AfterProcessingInitializeOnLoad (6ms)
				EditorAssembliesLoaded (0ms)
			ExecutionOrderSort2 (0ms)
			AwakeInstancesAfterBackupRestoration (7ms)
Platform modules already initialized, skipping
Refreshing native plugins compatible for Editor in 0.62 ms, found 5 plugins.
Preloading 0 native plugins for Editor in 0.00 ms.
Unloading 2993 Unused Serialized files (Serialized files now loaded: 0)
System memory in use before: 223.3 MB.
System memory in use after: 223.3 MB.

Unloading 27 unused Assets to reduce memory usage. Loaded Objects now: 3564.
Total: 4.827400 ms (FindLiveObjects: 0.366700 ms CreateObjectMapping: 0.186500 ms MarkObjects: 4.108100 ms  DeleteObjects: 0.165000 ms)

AssetImportParameters requested are different than current active one (requested -> active):
  custom:framework-win-MediaFoundation: 216162199b28c13a410421893ffa2e32 -> 
  custom:video-decoder-ogg-theora: a1e56fd34408186e4bbccfd4996cb3dc -> 
  custom:container-muxer-webm: aa71ff27fc2769a1b78a27578f13a17b -> 
  custom:container-demuxer-webm: 4f35f7cbe854078d1ac9338744f61a02 -> 
  custom:container-demuxer-ogg: 62fdf1f143b41e24485cea50d1cbac27 -> 
  custom:video-encoder-webm-vp8: eb34c28f22e8b96e1ab97ce403110664 -> 
  custom:video-codec-MediaFoundation-h265: 746d11721c4dcdbdad8f713fa42b33f4 -> 
  custom:video-decoder-webm-vp8: 9c59270c3fd7afecdb556c50c9e8de78 -> 
  custom:audio-decoder-ogg-vorbis: bf7c407c2cedff20999df2af8eb42d56 -> 
  custom:audio-encoder-webm-vorbis: bf7c407c2cedff20999df2af8eb42d56 -> 
AssetImportWorkerClient::OnTransportError - code=2 error=End of file
